<?xml version="1.0" encoding="UTF-8"?>
<!-- Generated by org.testng.reporters.JUnitXMLReporter -->
<testsuite hostname="LAPTOP-EHONPCLD" ignored="1" name="com-saucedemo-sw-5" tests="1" failures="0" timestamp="2023-05-07T10:56:06 BST" time="5.903" errors="0">
  <testcase name="userShouldLoginSuccessfullyWithValidCredentials" time="0.381" classname="com.saucedemo.testsuite.LoginPageTest"/>
  <testcase name="verifyThatSixProductsAreDisplayedOnPage" time="0.0" classname="com.saucedemo.testsuite.LoginPageTest">
    <ignored/>
  </testcase> <!-- verifyThatSixProductsAreDisplayedOnPage -->
</testsuite> <!-- com-saucedemo-sw-5 -->
